<?xml version="1.0" encoding="UTF-8"?>
<testsuite name="testproject.AggregatorTest" tests="3" skipped="0" failures="0" errors="0" timestamp="2024-12-15T20:05:50" hostname="DESKTOP-OEMRRNH" time="0.183">
  <properties/>
  <testcase name="testInitialState()" classname="testproject.AggregatorTest" time="0.178"/>
  <testcase name="testMultipleAdditions()" classname="testproject.AggregatorTest" time="0.001"/>
  <testcase name="testSingleAddition()" classname="testproject.AggregatorTest" time="0.001"/>
  <system-out><![CDATA[]]></system-out>
  <system-err><![CDATA[]]></system-err>
</testsuite>
